<?xml version="1.0" encoding="UTF-8"?>
<!-- Generated by org.testng.reporters.JUnitReportReporter -->
<testsuite hostname="LAPTOP-0GD69QRF" failures="0" tests="1" name="testCases.TC002_LoginTest" time="1.654" errors="0" timestamp="2025-04-15T22:44:27 CDT" skipped="0">
  <testcase classname="testCases.TC002_LoginTest" name="verifyLogin" time="1.654"/>
</testsuite> <!-- testCases.TC002_LoginTest -->
