<?xml version="1.0" encoding="UTF-8"?>
<!-- Generated by org.testng.reporters.JUnitReportReporter -->
<testsuite hostname="LAPTOP-0GD69QRF" failures="0" tests="4" name="testCases.TC003_LoginDDT" time="35.834" errors="0" timestamp="2025-04-15T22:44:27 CDT" skipped="0">
  <testcase classname="testCases.TC003_LoginDDT" name="verifyLoginDDT" time="11.189"/>
  <testcase classname="testCases.TC003_LoginDDT" name="verifyLoginDDT" time="11.217"/>
  <testcase classname="testCases.TC003_LoginDDT" name="verifyLoginDDT" time="10.833"/>
  <testcase classname="testCases.TC003_LoginDDT" name="verifyLoginDDT" time="2.595"/>
</testsuite> <!-- testCases.TC003_LoginDDT -->
