<?xml version="1.0" encoding="UTF-8"?>
<!-- Generated by org.testng.reporters.JUnitReportReporter -->
<testsuite hostname="LAPTOP-0GD69QRF" failures="0" tests="1" name="testCases.TC004_AddProduct" time="6.940" errors="0" timestamp="2025-06-07T23:24:21 CDT" skipped="0">
  <testcase classname="testCases.TC004_AddProduct" name="addProduct" time="6.940"/>
</testsuite> <!-- testCases.TC004_AddProduct -->
