<?xml version="1.0" encoding="UTF-8"?>
<!-- Generated by org.testng.reporters.JUnitReportReporter -->
<testsuite hostname="LAPTOP-0GD69QRF" failures="0" tests="1" name="testCases.TC004_SearchProduct" time="6.130" errors="0" timestamp="2025-06-07T09:46:21 CDT" skipped="0">
  <testcase classname="testCases.TC004_SearchProduct" name="searchForProduct" time="6.130"/>
</testsuite> <!-- testCases.TC004_SearchProduct -->
