<?xml version="1.0" encoding="UTF-8"?>
<!-- Generated by org.testng.reporters.JUnitReportReporter -->
<testsuite hostname="LAPTOP-0GD69QRF" failures="0" tests="1" name="testCases.TC001_AccountRegistrationTest" time="2.564" errors="0" timestamp="2025-06-07T11:23:06 CDT" skipped="0">
  <testcase classname="testCases.TC001_AccountRegistrationTest" name="verifyAccountRegistration" time="2.564"/>
</testsuite> <!-- testCases.TC001_AccountRegistrationTest -->
