<?xml version="1.0" encoding="UTF-8"?>
<!-- Generated by org.testng.reporters.JUnitReportReporter -->
<testsuite hostname="LAPTOP-0GD69QRF" failures="0" tests="4" name="testCases.TC003_LoginDDT" time="36.081" errors="0" timestamp="2025-06-07T09:49:46 CDT" skipped="0">
  <testcase classname="testCases.TC003_LoginDDT" name="verifyLoginDDT" time="10.665"/>
  <testcase classname="testCases.TC003_LoginDDT" name="verifyLoginDDT" time="10.695"/>
  <testcase classname="testCases.TC003_LoginDDT" name="verifyLoginDDT" time="3.556"/>
  <testcase classname="testCases.TC003_LoginDDT" name="verifyLoginDDT" time="11.165"/>
</testsuite> <!-- testCases.TC003_LoginDDT -->
