<?xml version="1.0" encoding="UTF-8"?>
<!-- Generated by org.testng.reporters.JUnitReportReporter -->
<testsuite hostname="LAPTOP-0GD69QRF" failures="0" tests="1" name="testCases.TC003_SearchProduct" time="4.808" errors="0" timestamp="2025-06-07T23:27:39 CDT" skipped="0">
  <testcase classname="testCases.TC003_SearchProduct" name="searchForProduct" time="4.808"/>
</testsuite> <!-- testCases.TC003_SearchProduct -->
