<?xml version="1.0" encoding="UTF-8"?>
<!-- Generated by org.testng.reporters.JUnitReportReporter -->
<testsuite hostname="LAPTOP-0GD69QRF" failures="0" tests="1" name="testCases.TC002_LoginTest" time="1.986" errors="0" timestamp="2025-06-07T23:27:39 CDT" skipped="0">
  <testcase classname="testCases.TC002_LoginTest" name="verifyLogin" time="1.986"/>
</testsuite> <!-- testCases.TC002_LoginTest -->
